Change Component Designator: Old Designator=C? New Designator=C75
Change Component Designator: Old Designator=C? New Designator=C76
Change Component Designator: Old Designator=C? New Designator=C77
Change Component Designator: Old Designator=D? New Designator=D25
Change Component Designator: Old Designator=D? New Designator=D26
Change Component Designator: Old Designator=D? New Designator=D27
Change Component Designator: Old Designator=D? New Designator=D28
Change Component Designator: Old Designator=D? New Designator=D29
Change Component Designator: Old Designator=D? New Designator=D30
Change Component Designator: Old Designator=D? New Designator=D31
Change Component Designator: Old Designator=D? New Designator=D32
Change Component Designator: Old Designator=D? New Designator=D33
Change Component Designator: Old Designator=D? New Designator=D34
Change Component Designator: Old Designator=D? New Designator=D35
Change Component Designator: Old Designator=D? New Designator=D36
Change Component Designator: Old Designator=D? New Designator=D37
Change Component Designator: Old Designator=D? New Designator=D38
Change Component Designator: Old Designator=DC? New Designator=DC1
Change Component Designator: Old Designator=DS? New Designator=DS1
Change Component Designator: Old Designator=DS? New Designator=DS2
Change Component Designator: Old Designator=DS? New Designator=DS3
Change Component Designator: Old Designator=DS? New Designator=DS4
Change Component Designator: Old Designator=DS? New Designator=DS5
Change Component Designator: Old Designator=J? New Designator=J1
Change Component Designator: Old Designator=LS? New Designator=LS1
Change Component Designator: Old Designator=MicroUSB-DIP? New Designator=MicroUSB-DIP1
Change Component Designator: Old Designator=P? New Designator=P13
Change Component Designator: Old Designator=P? New Designator=P14
Change Component Designator: Old Designator=P? New Designator=P15
Change Component Designator: Old Designator=P? New Designator=P16
Change Component Designator: Old Designator=P? New Designator=P17
Change Component Designator: Old Designator=P? New Designator=P18
Change Component Designator: Old Designator=P? New Designator=P19
Change Component Designator: Old Designator=P? New Designator=P20
Change Component Designator: Old Designator=P? New Designator=P21
Change Component Designator: Old Designator=P? New Designator=P22
Change Component Designator: Old Designator=P? New Designator=P23
Change Component Designator: Old Designator=P? New Designator=P24
Change Component Designator: Old Designator=P? New Designator=P25
Change Component Designator: Old Designator=P? New Designator=P26
Change Component Designator: Old Designator=P? New Designator=P27
Change Component Designator: Old Designator=P? New Designator=P28
Change Component Designator: Old Designator=P? New Designator=P29
Change Component Designator: Old Designator=P? New Designator=P30
Change Component Designator: Old Designator=Q? New Designator=Q2
Change Component Designator: Old Designator=R? New Designator=R61
Change Component Designator: Old Designator=R? New Designator=R62
Change Component Designator: Old Designator=R? New Designator=R63
Change Component Designator: Old Designator=R? New Designator=R64
Change Component Designator: Old Designator=R? New Designator=R65
Change Component Designator: Old Designator=R? New Designator=R66
Change Component Designator: Old Designator=R? New Designator=R67
Change Component Designator: Old Designator=R? New Designator=R68
Change Component Designator: Old Designator=R? New Designator=R69
Change Component Designator: Old Designator=R? New Designator=R70
Change Component Designator: Old Designator=R? New Designator=R71
Change Component Designator: Old Designator=R? New Designator=R72
Change Component Designator: Old Designator=R? New Designator=R73
Change Component Designator: Old Designator=R? New Designator=R74
Change Component Designator: Old Designator=R? New Designator=R75
Change Component Designator: Old Designator=R? New Designator=R76
Change Component Designator: Old Designator=R? New Designator=R77
Change Component Designator: Old Designator=R? New Designator=R78
Change Component Designator: Old Designator=R? New Designator=R79
Change Component Designator: Old Designator=R? New Designator=R80
Change Component Designator: Old Designator=R? New Designator=R81
Change Component Designator: Old Designator=R? New Designator=R82
Change Component Designator: Old Designator=R? New Designator=R83
Change Component Designator: Old Designator=R? New Designator=R84
Change Component Designator: Old Designator=U? New Designator=U8
Change Component Designator: Old Designator=X? New Designator=X3
