Added Component: Designator=P40(KF2EDGK-2.54-WI-10P)
Add component (AddParameter): Name = "LatestRevisionDate"; Value = "17-Jul-2002"; VariantName = "[No Variations]"
Add component (AddParameter): Name = "LatestRevisionNote"; Value = "Re-released for DXP Platform."; VariantName = "[No Variations]"
Add component (AddParameter): Name = "Publisher"; Value = "Altium Limited"; VariantName = "[No Variations]"
Added Component: Designator=Q1(SOT23-3L)
Add component (AddParameter): Name = "Code_JEDEC"; Value = "TO-226-AA"; VariantName = "[No Variations]"
Add component (AddParameter): Name = "LatestRevisionDate"; Value = "17-Jul-2002"; VariantName = "[No Variations]"
Add component (AddParameter): Name = "LatestRevisionNote"; Value = "Re-released for DXP Platform."; VariantName = "[No Variations]"
Add component (AddParameter): Name = "PackageDescription"; Value = "TO, Flat Index; 3 In-Line, Axial Leads; Body Dia. 4.8mm; Leads 0.55 x 0.51 mm (max)"; VariantName = "[No Variations]"
Add component (AddParameter): Name = "PackageReference"; Value = "TO-226-AA"; VariantName = "[No Variations]"
Add component (AddParameter): Name = "Published"; Value = "8-Jun-2000"; VariantName = "[No Variations]"
Add component (AddParameter): Name = "Publisher"; Value = "Altium Limited"; VariantName = "[No Variations]"
Added Component: Designator=Q3(SOT23-3L)
Add component (AddParameter): Name = "Code_JEDEC"; Value = "TO-226-AA"; VariantName = "[No Variations]"
Add component (AddParameter): Name = "LatestRevisionDate"; Value = "17-Jul-2002"; VariantName = "[No Variations]"
Add component (AddParameter): Name = "LatestRevisionNote"; Value = "Re-released for DXP Platform."; VariantName = "[No Variations]"
Add component (AddParameter): Name = "PackageDescription"; Value = "TO, Flat Index; 3 In-Line, Axial Leads; Body Dia. 4.8mm; Leads 0.55 x 0.51 mm (max)"; VariantName = "[No Variations]"
Add component (AddParameter): Name = "PackageReference"; Value = "TO-226-AA"; VariantName = "[No Variations]"
Add component (AddParameter): Name = "Published"; Value = "8-Jun-2000"; VariantName = "[No Variations]"
Add component (AddParameter): Name = "Publisher"; Value = "Altium Limited"; VariantName = "[No Variations]"
Added Component: Designator=Q4(SOT23-3L)
Add component (AddParameter): Name = "Code_JEDEC"; Value = "TO-226-AA"; VariantName = "[No Variations]"
Add component (AddParameter): Name = "LatestRevisionDate"; Value = "17-Jul-2002"; VariantName = "[No Variations]"
Add component (AddParameter): Name = "LatestRevisionNote"; Value = "Re-released for DXP Platform."; VariantName = "[No Variations]"
Add component (AddParameter): Name = "PackageDescription"; Value = "TO, Flat Index; 3 In-Line, Axial Leads; Body Dia. 4.8mm; Leads 0.55 x 0.51 mm (max)"; VariantName = "[No Variations]"
Add component (AddParameter): Name = "PackageReference"; Value = "TO-226-AA"; VariantName = "[No Variations]"
Add component (AddParameter): Name = "Published"; Value = "8-Jun-2000"; VariantName = "[No Variations]"
Add component (AddParameter): Name = "Publisher"; Value = "Altium Limited"; VariantName = "[No Variations]"
Added Component: Designator=R2(R 0805_L)
Add component (AddParameter): Name = "LatestRevisionDate"; Value = "17-Jul-2002"; VariantName = "[No Variations]"
Add component (AddParameter): Name = "LatestRevisionNote"; Value = "Re-released for DXP Platform."; VariantName = "[No Variations]"
Add component (AddParameter): Name = "PackageDescription"; Value = "Axial Device, Thru-Hole; 2 Leads; 0.3 in Pin Spacing"; VariantName = "[No Variations]"
Add component (AddParameter): Name = "PackageReference"; Value = "AXIAL-0.3"; VariantName = "[No Variations]"
Add component (AddParameter): Name = "Published"; Value = "8-Jun-2000"; VariantName = "[No Variations]"
Add component (AddParameter): Name = "Publisher"; Value = "Altium Limited"; VariantName = "[No Variations]"
Add component (AddParameter): Name = "Value"; Value = "1K"; VariantName = "[No Variations]"
Added Component: Designator=R3(R 0805_L)
Add component (AddParameter): Name = "LatestRevisionDate"; Value = "17-Jul-2002"; VariantName = "[No Variations]"
Add component (AddParameter): Name = "LatestRevisionNote"; Value = "Re-released for DXP Platform."; VariantName = "[No Variations]"
Add component (AddParameter): Name = "PackageDescription"; Value = "Axial Device, Thru-Hole; 2 Leads; 0.3 in Pin Spacing"; VariantName = "[No Variations]"
Add component (AddParameter): Name = "PackageReference"; Value = "AXIAL-0.3"; VariantName = "[No Variations]"
Add component (AddParameter): Name = "Published"; Value = "8-Jun-2000"; VariantName = "[No Variations]"
Add component (AddParameter): Name = "Publisher"; Value = "Altium Limited"; VariantName = "[No Variations]"
Add component (AddParameter): Name = "Value"; Value = "1K"; VariantName = "[No Variations]"
Added Component: Designator=R4(R 0805_L)
Add component (AddParameter): Name = "LatestRevisionDate"; Value = "17-Jul-2002"; VariantName = "[No Variations]"
Add component (AddParameter): Name = "LatestRevisionNote"; Value = "Re-released for DXP Platform."; VariantName = "[No Variations]"
Add component (AddParameter): Name = "PackageDescription"; Value = "Axial Device, Thru-Hole; 2 Leads; 0.3 in Pin Spacing"; VariantName = "[No Variations]"
Add component (AddParameter): Name = "PackageReference"; Value = "AXIAL-0.3"; VariantName = "[No Variations]"
Add component (AddParameter): Name = "Published"; Value = "8-Jun-2000"; VariantName = "[No Variations]"
Add component (AddParameter): Name = "Publisher"; Value = "Altium Limited"; VariantName = "[No Variations]"
Add component (AddParameter): Name = "Value"; Value = "1K"; VariantName = "[No Variations]"
Added Pin To Net: NetName=VCC_PW Pin=P40-1
Added Pin To Net: NetName=VCC_PW Pin=P40-2
Added Pin To Net: NetName=GND Pin=P40-9
Added Pin To Net: NetName=GND Pin=P40-10
Added Pin To Net: NetName=GND Pin=Q1-2
Added Pin To Net: NetName=GND Pin=Q3-2
Added Pin To Net: NetName=GND Pin=Q4-2
Added Pin To Net: NetName=+3.3V Pin=R8-1
Added Pin To Net: NetName=CtrlIO1_F2 Pin=P23-17
Added Pin To Net: NetName=CtrlIO1_F2 Pin=P40-6
Added Pin To Net: NetName=CtrlIO1_F2 Pin=U1-18
Added Net: Name=CtrlIO1_F2
Added Pin To Net: NetName=CtrlIO2_F1 Pin=P23-16
Added Pin To Net: NetName=CtrlIO2_F1 Pin=P40-7
Added Pin To Net: NetName=CtrlIO2_F1 Pin=U1-17
Added Net: Name=CtrlIO2_F1
Added Pin To Net: NetName=CtrlIO3_F0 Pin=P23-15
Added Pin To Net: NetName=CtrlIO3_F0 Pin=P40-8
Added Pin To Net: NetName=CtrlIO3_F0 Pin=U1-16
Added Net: Name=CtrlIO3_F0
Added Pin To Net: NetName=CtrlTQ1_F5 Pin=P23-20
Added Pin To Net: NetName=CtrlTQ1_F5 Pin=R2-2
Added Pin To Net: NetName=CtrlTQ1_F5 Pin=U1-21
Added Net: Name=CtrlTQ1_F5
Added Pin To Net: NetName=CtrlTQ2_F4 Pin=P23-19
Added Pin To Net: NetName=CtrlTQ2_F4 Pin=R3-2
Added Pin To Net: NetName=CtrlTQ2_F4 Pin=U1-20
Added Net: Name=CtrlTQ2_F4
Added Pin To Net: NetName=CtrlTQ3_F3 Pin=P23-18
Added Pin To Net: NetName=CtrlTQ3_F3 Pin=R4-2
Added Pin To Net: NetName=CtrlTQ3_F3 Pin=U1-19
Added Net: Name=CtrlTQ3_F3
Added Pin To Net: NetName=NetP40_3 Pin=P40-3
Added Pin To Net: NetName=NetP40_3 Pin=Q1-3
Added Net: Name=NetP40_3
Added Pin To Net: NetName=NetP40_4 Pin=P40-4
Added Pin To Net: NetName=NetP40_4 Pin=Q3-3
Added Net: Name=NetP40_4
Added Pin To Net: NetName=NetP40_5 Pin=P40-5
Added Pin To Net: NetName=NetP40_5 Pin=Q4-3
Added Net: Name=NetP40_5
Added Pin To Net: NetName=NetQ1_1 Pin=Q1-1
Added Pin To Net: NetName=NetQ1_1 Pin=R2-1
Added Net: Name=NetQ1_1
Added Pin To Net: NetName=NetQ3_1 Pin=Q3-1
Added Pin To Net: NetName=NetQ3_1 Pin=R3-1
Added Net: Name=NetQ3_1
Added Pin To Net: NetName=NetQ4_1 Pin=Q4-1
Added Pin To Net: NetName=NetQ4_1 Pin=R4-1
Added Net: Name=NetQ4_1
Added Member To Class: ClassName=U_5 Member=Component P40 Header 10
Added Member To Class: ClassName=U_5 Member=Component Q1 8050
Added Member To Class: ClassName=U_5 Member=Component Q3 8050
Added Member To Class: ClassName=U_5 Member=Component Q4 8050
Added Member To Class: ClassName=U_5 Member=Component R2 RES2
Added Member To Class: ClassName=U_5 Member=Component R3 RES2
Added Member To Class: ClassName=U_5 Member=Component R4 RES2
