Removed Pin From Net: NetName=VCC_3V3 Pin=P37-1
Removed Pin From Net: NetName=VCC_3V3 Pin=P37-2
Removed Pin From Net: NetName=VCC_3V3 Pin=P37-3
Removed Pin From Net: NetName=VCC_3V3 Pin=P37-4
Added Component: Designator=P39(HDR1X4)
Add component (AddParameter): Name = "LatestRevisionDate"; Value = "17-Jul-2002"; VariantName = "[No Variations]"
Add component (AddParameter): Name = "LatestRevisionNote"; Value = "Re-released for DXP Platform."; VariantName = "[No Variations]"
Add component (AddParameter): Name = "Publisher"; Value = "Altium Limited"; VariantName = "[No Variations]"
Added Pin To Net: NetName=VCC_3V3_O Pin=P37-1
Added Pin To Net: NetName=VCC_3V3_O Pin=P37-2
Added Pin To Net: NetName=VCC_3V3_O Pin=P37-3
Added Pin To Net: NetName=VCC_3V3_O Pin=P37-4
Added Pin To Net: NetName=GND Pin=P39-1
Added Pin To Net: NetName=VCC_3V3 Pin=P39-2
Change Net Name : Old Net Name=VCC_3V3 New Net Name=+3.3V
Added Pin To Net: NetName=IIC3_SCL_H7 Pin=P29-26
Added Pin To Net: NetName=IIC3_SCL_H7 Pin=P39-3
Added Pin To Net: NetName=IIC3_SCL_H7 Pin=U1-84
Added Net: Name=IIC3_SCL_H7
Added Pin To Net: NetName=IIC3_SDA_H8 Pin=P29-27
Added Pin To Net: NetName=IIC3_SDA_H8 Pin=P39-4
Added Pin To Net: NetName=IIC3_SDA_H8 Pin=U1-85
Added Net: Name=IIC3_SDA_H8
Added Member To Class: ClassName=U_3 Member=Component P39 OLED
