Added Component: Designator=DS4(LED 0805B)
Added Component: Designator=DS5(LED 0805B)
Added Component: Designator=DS6(LED 0805B)
Added Component: Designator=DS7(LED 0805B)
Added Component: Designator=DS8(LED 0805B)
Added Component: Designator=DS9(LED 0805B)
Added Component: Designator=R19(R 0805_L)
Add component (AddParameter): Name = "LatestRevisionDate"; Value = "17-Jul-2002"; VariantName = "[No Variations]"
Add component (AddParameter): Name = "LatestRevisionNote"; Value = "Re-released for DXP Platform."; VariantName = "[No Variations]"
Add component (AddParameter): Name = "PackageDescription"; Value = "Axial Device, Thru-Hole; 2 Leads; 0.3 in Pin Spacing"; VariantName = "[No Variations]"
Add component (AddParameter): Name = "PackageReference"; Value = "AXIAL-0.3"; VariantName = "[No Variations]"
Add component (AddParameter): Name = "Published"; Value = "8-Jun-2000"; VariantName = "[No Variations]"
Add component (AddParameter): Name = "Publisher"; Value = "Altium Limited"; VariantName = "[No Variations]"
Add component (AddParameter): Name = "Value"; Value = "1K"; VariantName = "[No Variations]"
Added Component: Designator=R20(R 0805_L)
Add component (AddParameter): Name = "LatestRevisionDate"; Value = "17-Jul-2002"; VariantName = "[No Variations]"
Add component (AddParameter): Name = "LatestRevisionNote"; Value = "Re-released for DXP Platform."; VariantName = "[No Variations]"
Add component (AddParameter): Name = "PackageDescription"; Value = "Axial Device, Thru-Hole; 2 Leads; 0.3 in Pin Spacing"; VariantName = "[No Variations]"
Add component (AddParameter): Name = "PackageReference"; Value = "AXIAL-0.3"; VariantName = "[No Variations]"
Add component (AddParameter): Name = "Published"; Value = "8-Jun-2000"; VariantName = "[No Variations]"
Add component (AddParameter): Name = "Publisher"; Value = "Altium Limited"; VariantName = "[No Variations]"
Add component (AddParameter): Name = "Value"; Value = "1K"; VariantName = "[No Variations]"
Added Component: Designator=R21(R 0805_L)
Add component (AddParameter): Name = "LatestRevisionDate"; Value = "17-Jul-2002"; VariantName = "[No Variations]"
Add component (AddParameter): Name = "LatestRevisionNote"; Value = "Re-released for DXP Platform."; VariantName = "[No Variations]"
Add component (AddParameter): Name = "PackageDescription"; Value = "Axial Device, Thru-Hole; 2 Leads; 0.3 in Pin Spacing"; VariantName = "[No Variations]"
Add component (AddParameter): Name = "PackageReference"; Value = "AXIAL-0.3"; VariantName = "[No Variations]"
Add component (AddParameter): Name = "Published"; Value = "8-Jun-2000"; VariantName = "[No Variations]"
Add component (AddParameter): Name = "Publisher"; Value = "Altium Limited"; VariantName = "[No Variations]"
Add component (AddParameter): Name = "Value"; Value = "1K"; VariantName = "[No Variations]"
Added Component: Designator=R22(R 0805_L)
Add component (AddParameter): Name = "LatestRevisionDate"; Value = "17-Jul-2002"; VariantName = "[No Variations]"
Add component (AddParameter): Name = "LatestRevisionNote"; Value = "Re-released for DXP Platform."; VariantName = "[No Variations]"
Add component (AddParameter): Name = "PackageDescription"; Value = "Axial Device, Thru-Hole; 2 Leads; 0.3 in Pin Spacing"; VariantName = "[No Variations]"
Add component (AddParameter): Name = "PackageReference"; Value = "AXIAL-0.3"; VariantName = "[No Variations]"
Add component (AddParameter): Name = "Published"; Value = "8-Jun-2000"; VariantName = "[No Variations]"
Add component (AddParameter): Name = "Publisher"; Value = "Altium Limited"; VariantName = "[No Variations]"
Add component (AddParameter): Name = "Value"; Value = "1K"; VariantName = "[No Variations]"
Added Component: Designator=R23(R 0805_L)
Add component (AddParameter): Name = "LatestRevisionDate"; Value = "17-Jul-2002"; VariantName = "[No Variations]"
Add component (AddParameter): Name = "LatestRevisionNote"; Value = "Re-released for DXP Platform."; VariantName = "[No Variations]"
Add component (AddParameter): Name = "PackageDescription"; Value = "Axial Device, Thru-Hole; 2 Leads; 0.3 in Pin Spacing"; VariantName = "[No Variations]"
Add component (AddParameter): Name = "PackageReference"; Value = "AXIAL-0.3"; VariantName = "[No Variations]"
Add component (AddParameter): Name = "Published"; Value = "8-Jun-2000"; VariantName = "[No Variations]"
Add component (AddParameter): Name = "Publisher"; Value = "Altium Limited"; VariantName = "[No Variations]"
Add component (AddParameter): Name = "Value"; Value = "1K"; VariantName = "[No Variations]"
Added Component: Designator=R24(R 0805_L)
Add component (AddParameter): Name = "LatestRevisionDate"; Value = "17-Jul-2002"; VariantName = "[No Variations]"
Add component (AddParameter): Name = "LatestRevisionNote"; Value = "Re-released for DXP Platform."; VariantName = "[No Variations]"
Add component (AddParameter): Name = "PackageDescription"; Value = "Axial Device, Thru-Hole; 2 Leads; 0.3 in Pin Spacing"; VariantName = "[No Variations]"
Add component (AddParameter): Name = "PackageReference"; Value = "AXIAL-0.3"; VariantName = "[No Variations]"
Add component (AddParameter): Name = "Published"; Value = "8-Jun-2000"; VariantName = "[No Variations]"
Add component (AddParameter): Name = "Publisher"; Value = "Altium Limited"; VariantName = "[No Variations]"
Add component (AddParameter): Name = "Value"; Value = "1K"; VariantName = "[No Variations]"
Added Pin To Net: NetName=GND Pin=DS4-2
Added Pin To Net: NetName=GND Pin=DS5-2
Added Pin To Net: NetName=GND Pin=DS6-2
Added Pin To Net: NetName=GND Pin=DS7-2
Added Pin To Net: NetName=GND Pin=DS8-2
Added Pin To Net: NetName=GND Pin=DS9-2
Added Pin To Net: NetName=GPIO12 Pin=R19-2
Added Pin To Net: NetName=GPIO13 Pin=R20-2
Added Pin To Net: NetName=GPIO15 Pin=R21-2
Added Pin To Net: NetName=GPIO0 Pin=R22-2
Added Pin To Net: NetName=GPIO2 Pin=R23-2
Added Pin To Net: NetName=GPIO14 Pin=R24-2
Added Pin To Net: NetName=NetDS4_1 Pin=DS4-1
Added Pin To Net: NetName=NetDS4_1 Pin=R19-1
Added Net: Name=NetDS4_1
Added Pin To Net: NetName=NetDS5_1 Pin=DS5-1
Added Pin To Net: NetName=NetDS5_1 Pin=R20-1
Added Net: Name=NetDS5_1
Added Pin To Net: NetName=NetDS6_1 Pin=DS6-1
Added Pin To Net: NetName=NetDS6_1 Pin=R21-1
Added Net: Name=NetDS6_1
Added Pin To Net: NetName=NetDS7_1 Pin=DS7-1
Added Pin To Net: NetName=NetDS7_1 Pin=R22-1
Added Net: Name=NetDS7_1
Added Pin To Net: NetName=NetDS8_1 Pin=DS8-1
Added Pin To Net: NetName=NetDS8_1 Pin=R23-1
Added Net: Name=NetDS8_1
Added Pin To Net: NetName=NetDS9_1 Pin=DS9-1
Added Pin To Net: NetName=NetDS9_1 Pin=R24-1
Added Net: Name=NetDS9_1
Added Member To Class: ClassName=ESP_IOT Member=Component DS4 LED
Added Member To Class: ClassName=ESP_IOT Member=Component DS5 LED
Added Member To Class: ClassName=ESP_IOT Member=Component DS6 LED
Added Member To Class: ClassName=ESP_IOT Member=Component DS7 LED
Added Member To Class: ClassName=ESP_IOT Member=Component DS8 LED
Added Member To Class: ClassName=ESP_IOT Member=Component DS9 LED
Added Member To Class: ClassName=ESP_IOT Member=Component R19 RES2
Added Member To Class: ClassName=ESP_IOT Member=Component R20 RES2
Added Member To Class: ClassName=ESP_IOT Member=Component R21 RES2
Added Member To Class: ClassName=ESP_IOT Member=Component R22 RES2
Added Member To Class: ClassName=ESP_IOT Member=Component R23 RES2
Added Member To Class: ClassName=ESP_IOT Member=Component R24 RES2
Added Room: Name=ESP_IOT
